# JRE version: OpenJDK Runtime Environment Temurin-25.0.3+9 (25.0.3+9) (build 25.0.3+9-LTS)
# Java VM: OpenJDK 64-Bit Server VM Temurin-25.0.3+9 (25.0.3+9-LTS, mixed mode, sharing, tiered, compressed oops, compressed class ptrs, g1 gc, windows-amd64)
GC Precious Log:
 CardTable entry size: 512
 Card Set container configuration: InlinePtr #cards 5 size 8 Array Of Cards #cards 10 size 36 Howl #buckets 4 coarsen threshold 1843 Howl Bitmap #cards 512 size 80 coarsen threshold 460 Card regions per heap region 1 cards per card region 2048
 CPUs: 12 total, 12 available
 Memory: 24283M
 Large Page Support: Disabled
 NUMA Support: Disabled
 Compressed Oops: Enabled (32-bit)
 Heap Region Size: 1M
 Heap Min Capacity: 8M
 Heap Initial Capacity: 380M
 Heap Max Capacity: 2G
 Pre-touch: Disabled
 Parallel Workers: 10
 Concurrent Workers: 3
 Concurrent Refinement Workers: 10
 Periodic GC: Disabled
Heap:
 garbage-first heap   total reserved 2097152K, committed 137216K, used 109788K [0x0000000080000000, 0x0000000100000000)
  region size 1024K, 39 young (39936K), 2 survivors (2048K)
GC Heap Usage History (20 events):
Event: 10.531 {heap Before GC invocations=7 (full 0):
 garbage-first heap   total reserved 2097152K, committed 109568K, used 85709K [0x0000000080000000, 0x0000000100000000)
  region size 1024K, 57 young (58368K), 4 survivors (4096K)
}
Event: 10.542 {heap After GC invocations=8 (full 0):
 garbage-first heap   total reserved 2097152K, committed 109568K, used 34820K [0x0000000080000000, 0x0000000100000000)
  region size 1024K, 7 young (7168K), 7 survivors (7168K)
}
Event: 13.942 {heap Before GC invocations=8 (full 0):
 garbage-first heap   total reserved 2097152K, committed 109568K, used 89092K [0x0000000080000000, 0x0000000100000000)
  region size 1024K, 60 young (61440K), 7 survivors (7168K)
}
Event: 13.955 {heap After GC invocations=9 (full 0):
 garbage-first heap   total reserved 2097152K, committed 109568K, used 36678K [0x0000000080000000, 0x0000000100000000)
  region size 1024K, 7 young (7168K), 7 survivors (7168K)
}
Event: 16.551 {heap Before GC invocations=9 (full 0):
 garbage-first heap   total reserved 2097152K, committed 109568K, used 90950K [0x0000000080000000, 0x0000000100000000)
  region size 1024K, 60 young (61440K), 7 survivors (7168K)
}
Event: 16.565 {heap After GC invocations=10 (full 0):
 garbage-first heap   total reserved 2097152K, committed 109568K, used 38644K [0x0000000080000000, 0x0000000100000000)
  region size 1024K, 5 young (5120K), 5 survivors (5120K)
}
Event: 19.691 {heap Before GC invocations=10 (full 0):
 garbage-first heap   total reserved 2097152K, committed 109568K, used 92916K [0x0000000080000000, 0x0000000100000000)
  region size 1024K, 59 young (60416K), 5 survivors (5120K)
}
Event: 19.708 {heap After GC invocations=11 (full 0):
 garbage-first heap   total reserved 2097152K, committed 109568K, used 44393K [0x0000000080000000, 0x0000000100000000)
  region size 1024K, 8 young (8192K), 8 survivors (8192K)
}
Event: 20.991 {heap Before GC invocations=11 (full 0):
 garbage-first heap   total reserved 2097152K, committed 109568K, used 93545K [0x0000000080000000, 0x0000000100000000)
  region size 1024K, 57 young (58368K), 8 survivors (8192K)
}
Event: 21.004 {heap After GC invocations=12 (full 0):
 garbage-first heap   total reserved 2097152K, committed 109568K, used 46915K [0x0000000080000000, 0x0000000100000000)
  region size 1024K, 4 young (4096K), 4 survivors (4096K)
}
Event: 21.553 {heap Before GC invocations=12 (full 0):
 garbage-first heap   total reserved 2097152K, committed 109568K, used 69443K [0x0000000080000000, 0x0000000100000000)
  region size 1024K, 23 young (23552K), 4 survivors (4096K)
}
Event: 21.560 {heap After GC invocations=13 (full 0):
 garbage-first heap   total reserved 2097152K, committed 132096K, used 55178K [0x0000000080000000, 0x0000000100000000)
  region size 1024K, 7 young (7168K), 7 survivors (7168K)
}
Event: 23.109 {heap Before GC invocations=13 (full 0):
 garbage-first heap   total reserved 2097152K, committed 132096K, used 113546K [0x0000000080000000, 0x0000000100000000)
  region size 1024K, 60 young (61440K), 7 survivors (7168K)
}
Event: 23.116 {heap After GC invocations=14 (full 0):
 garbage-first heap   total reserved 2097152K, committed 132096K, used 62665K [0x0000000080000000, 0x0000000100000000)
  region size 1024K, 8 young (8192K), 8 survivors (8192K)
}
Event: 25.220 {heap Before GC invocations=15 (full 0):
 garbage-first heap   total reserved 2097152K, committed 132096K, used 118985K [0x0000000080000000, 0x0000000100000000)
  region size 1024K, 61 young (62464K), 8 survivors (8192K)
}
Event: 25.230 {heap After GC invocations=16 (full 0):
 garbage-first heap   total reserved 2097152K, committed 132096K, used 66625K [0x0000000080000000, 0x0000000100000000)
  region size 1024K, 7 young (7168K), 7 survivors (7168K)
}
Event: 28.580 {heap Before GC invocations=16 (full 0):
 garbage-first heap   total reserved 2097152K, committed 132096K, used 122945K [0x0000000080000000, 0x0000000100000000)
  region size 1024K, 58 young (59392K), 7 survivors (7168K)
}
Event: 28.631 {heap After GC invocations=17 (full 0):
 garbage-first heap   total reserved 2097152K, committed 137216K, used 74542K [0x0000000080000000, 0x0000000100000000)
  region size 1024K, 8 young (8192K), 8 survivors (8192K)
}
Event: 28.873 {heap Before GC invocations=17 (full 0):
 garbage-first heap   total reserved 2097152K, committed 137216K, used 78638K [0x0000000080000000, 0x0000000100000000)
  region size 1024K, 13 young (13312K), 8 survivors (8192K)
}
Event: 28.882 {heap After GC invocations=18 (full 0):
 garbage-first heap   total reserved 2097152K, committed 137216K, used 71900K [0x0000000080000000, 0x0000000100000000)
  region size 1024K, 2 young (2048K), 2 survivors (2048K)
}

